<?xml version="1.0" encoding="UTF-8"?>
<coverage generated="1745291126175" clover="3.2.0">
  <project timestamp="1745291126176" name="All files">
    <metrics statements="42" coveredstatements="32" conditionals="5" coveredconditionals="2" methods="13" coveredmethods="8" elements="60" coveredelements="42" complexity="0" loc="42" ncloc="42" packages="2" files="2" classes="2"/>
    <package name="controllers">
      <metrics statements="21" coveredstatements="12" conditionals="3" coveredconditionals="0" methods="5" coveredmethods="2"/>
      <file name="users.controller.ts" path="C:\Users\Suellen\Documents\HACKATHON\Repositórios\classmate-users-service\src\controllers\users.controller.ts">
        <metrics statements="21" coveredstatements="12" conditionals="3" coveredconditionals="0" methods="5" coveredmethods="2"/>
        <line num="2" count="1" type="stmt"/>
        <line num="4" count="1" type="stmt"/>
        <line num="5" count="0" type="stmt"/>
        <line num="6" count="0" type="stmt"/>
        <line num="9" count="1" type="stmt"/>
        <line num="10" count="0" type="stmt"/>
        <line num="11" count="0" type="cond" truecount="0" falsecount="1"/>
        <line num="12" count="0" type="stmt"/>
        <line num="15" count="1" type="stmt"/>
        <line num="16" count="1" type="stmt"/>
        <line num="17" count="1" type="stmt"/>
        <line num="18" count="1" type="stmt"/>
        <line num="21" count="1" type="stmt"/>
        <line num="22" count="0" type="stmt"/>
        <line num="23" count="0" type="stmt"/>
        <line num="24" count="0" type="cond" truecount="0" falsecount="1"/>
        <line num="25" count="0" type="stmt"/>
        <line num="28" count="1" type="stmt"/>
        <line num="29" count="1" type="stmt"/>
        <line num="30" count="1" type="cond" truecount="0" falsecount="1"/>
        <line num="31" count="1" type="stmt"/>
      </file>
    </package>
    <package name="services">
      <metrics statements="21" coveredstatements="20" conditionals="2" coveredconditionals="2" methods="8" coveredmethods="6"/>
      <file name="users.service.ts" path="C:\Users\Suellen\Documents\HACKATHON\Repositórios\classmate-users-service\src\services\users.service.ts">
        <metrics statements="21" coveredstatements="20" conditionals="2" coveredconditionals="2" methods="8" coveredmethods="6"/>
        <line num="2" count="2" type="stmt"/>
        <line num="4" count="2" type="stmt"/>
        <line num="6" count="2" type="stmt"/>
        <line num="8" count="2" type="stmt"/>
        <line num="9" count="0" type="stmt"/>
        <line num="11" count="2" type="stmt"/>
        <line num="12" count="6" type="stmt"/>
        <line num="18" count="6" type="stmt"/>
        <line num="19" count="6" type="stmt"/>
        <line num="22" count="2" type="stmt"/>
        <line num="23" count="2" type="stmt"/>
        <line num="24" count="2" type="cond" truecount="1" falsecount="0"/>
        <line num="25" count="1" type="stmt"/>
        <line num="26" count="1" type="stmt"/>
        <line num="27" count="1" type="stmt"/>
        <line num="30" count="2" type="stmt"/>
        <line num="31" count="3" type="stmt"/>
        <line num="32" count="3" type="cond" truecount="1" falsecount="0"/>
        <line num="33" count="2" type="stmt"/>
        <line num="34" count="2" type="stmt"/>
        <line num="38" count="2" type="stmt"/>
      </file>
    </package>
  </project>
</coverage>
