{"C:\\Users\\Suellen\\Documents\\HACKATHON\\Repositórios\\classmate-users-service\\src\\controllers\\users.controller.ts": {"path":"C:\\Users\\Suellen\\Documents\\HACKATHON\\Repositórios\\classmate-users-service\\src\\controllers\\users.controller.ts","statementMap":{"0":{"start":{"line":2,"column":0},"end":{"line":2,"column":56}},"1":{"start":{"line":4,"column":24},"end":{"line":7,"column":1}},"2":{"start":{"line":5,"column":16},"end":{"line":5,"column":41}},"3":{"start":{"line":6,"column":2},"end":{"line":6,"column":null}},"4":{"start":{"line":4,"column":13},"end":{"line":4,"column":24}},"5":{"start":{"line":9,"column":23},"end":{"line":13,"column":1}},"6":{"start":{"line":10,"column":15},"end":{"line":10,"column":53}},"7":{"start":{"line":11,"column":2},"end":{"line":11,"column":null}},"8":{"start":{"line":11,"column":13},"end":{"line":11,"column":null}},"9":{"start":{"line":12,"column":2},"end":{"line":12,"column":null}},"10":{"start":{"line":9,"column":13},"end":{"line":9,"column":23}},"11":{"start":{"line":15,"column":26},"end":{"line":19,"column":1}},"12":{"start":{"line":16,"column":32},"end":{"line":16,"column":40}},"13":{"start":{"line":17,"column":15},"end":{"line":17,"column":56}},"14":{"start":{"line":18,"column":2},"end":{"line":18,"column":null}},"15":{"start":{"line":15,"column":13},"end":{"line":15,"column":26}},"16":{"start":{"line":21,"column":26},"end":{"line":26,"column":1}},"17":{"start":{"line":22,"column":26},"end":{"line":22,"column":34}},"18":{"start":{"line":23,"column":18},"end":{"line":23,"column":68}},"19":{"start":{"line":24,"column":2},"end":{"line":24,"column":null}},"20":{"start":{"line":24,"column":16},"end":{"line":24,"column":null}},"21":{"start":{"line":25,"column":2},"end":{"line":25,"column":null}},"22":{"start":{"line":21,"column":13},"end":{"line":21,"column":26}},"23":{"start":{"line":28,"column":26},"end":{"line":32,"column":1}},"24":{"start":{"line":29,"column":18},"end":{"line":29,"column":55}},"25":{"start":{"line":30,"column":2},"end":{"line":30,"column":null}},"26":{"start":{"line":30,"column":16},"end":{"line":30,"column":null}},"27":{"start":{"line":31,"column":2},"end":{"line":31,"column":null}},"28":{"start":{"line":28,"column":13},"end":{"line":28,"column":26}}},"fnMap":{"0":{"name":"(anonymous_9)","decl":{"start":{"line":4,"column":24},"end":{"line":4,"column":25}},"loc":{"start":{"line":4,"column":56},"end":{"line":7,"column":1}}},"1":{"name":"(anonymous_10)","decl":{"start":{"line":9,"column":23},"end":{"line":9,"column":24}},"loc":{"start":{"line":9,"column":55},"end":{"line":13,"column":1}}},"2":{"name":"(anonymous_11)","decl":{"start":{"line":15,"column":26},"end":{"line":15,"column":27}},"loc":{"start":{"line":15,"column":58},"end":{"line":19,"column":1}}},"3":{"name":"(anonymous_12)","decl":{"start":{"line":21,"column":26},"end":{"line":21,"column":27}},"loc":{"start":{"line":21,"column":58},"end":{"line":26,"column":1}}},"4":{"name":"(anonymous_13)","decl":{"start":{"line":28,"column":26},"end":{"line":28,"column":27}},"loc":{"start":{"line":28,"column":58},"end":{"line":32,"column":1}}}},"branchMap":{"0":{"loc":{"start":{"line":11,"column":2},"end":{"line":11,"column":null}},"type":"if","locations":[{"start":{"line":11,"column":2},"end":{"line":11,"column":null}}]},"1":{"loc":{"start":{"line":24,"column":2},"end":{"line":24,"column":null}},"type":"if","locations":[{"start":{"line":24,"column":2},"end":{"line":24,"column":null}}]},"2":{"loc":{"start":{"line":30,"column":2},"end":{"line":30,"column":null}},"type":"if","locations":[{"start":{"line":30,"column":2},"end":{"line":30,"column":null}}]}},"s":{"0":1,"1":1,"2":0,"3":0,"4":1,"5":1,"6":0,"7":0,"8":0,"9":0,"10":1,"11":1,"12":1,"13":1,"14":1,"15":1,"16":1,"17":0,"18":0,"19":0,"20":0,"21":0,"22":1,"23":1,"24":1,"25":1,"26":0,"27":1,"28":1},"f":{"0":0,"1":0,"2":1,"3":0,"4":1},"b":{"0":[0],"1":[0],"2":[0]}}
,"C:\\Users\\Suellen\\Documents\\HACKATHON\\Repositórios\\classmate-users-service\\src\\services\\users.service.ts": {"path":"C:\\Users\\Suellen\\Documents\\HACKATHON\\Repositórios\\classmate-users-service\\src\\services\\users.service.ts","statementMap":{"0":{"start":{"line":2,"column":0},"end":{"line":2,"column":35}},"1":{"start":{"line":4,"column":20},"end":{"line":4,"column":22}},"2":{"start":{"line":6,"column":27},"end":{"line":6,"column":46}},"3":{"start":{"line":6,"column":41},"end":{"line":6,"column":46}},"4":{"start":{"line":6,"column":13},"end":{"line":6,"column":27}},"5":{"start":{"line":8,"column":27},"end":{"line":9,"column":30}},"6":{"start":{"line":9,"column":2},"end":{"line":9,"column":30}},"7":{"start":{"line":9,"column":18},"end":{"line":9,"column":29}},"8":{"start":{"line":8,"column":13},"end":{"line":8,"column":27}},"9":{"start":{"line":11,"column":26},"end":{"line":20,"column":1}},"10":{"start":{"line":12,"column":24},"end":{"line":17,"column":null}},"11":{"start":{"line":18,"column":2},"end":{"line":18,"column":null}},"12":{"start":{"line":19,"column":2},"end":{"line":19,"column":null}},"13":{"start":{"line":11,"column":13},"end":{"line":11,"column":26}},"14":{"start":{"line":22,"column":26},"end":{"line":28,"column":1}},"15":{"start":{"line":23,"column":15},"end":{"line":23,"column":45}},"16":{"start":{"line":23,"column":33},"end":{"line":23,"column":44}},"17":{"start":{"line":24,"column":2},"end":{"line":24,"column":null}},"18":{"start":{"line":24,"column":13},"end":{"line":24,"column":null}},"19":{"start":{"line":25,"column":2},"end":{"line":25,"column":null}},"20":{"start":{"line":26,"column":2},"end":{"line":26,"column":null}},"21":{"start":{"line":27,"column":2},"end":{"line":27,"column":null}},"22":{"start":{"line":22,"column":13},"end":{"line":22,"column":26}},"23":{"start":{"line":30,"column":26},"end":{"line":35,"column":1}},"24":{"start":{"line":31,"column":16},"end":{"line":31,"column":51}},"25":{"start":{"line":31,"column":39},"end":{"line":31,"column":50}},"26":{"start":{"line":32,"column":2},"end":{"line":32,"column":null}},"27":{"start":{"line":32,"column":20},"end":{"line":32,"column":null}},"28":{"start":{"line":33,"column":2},"end":{"line":33,"column":null}},"29":{"start":{"line":34,"column":2},"end":{"line":34,"column":null}},"30":{"start":{"line":30,"column":13},"end":{"line":30,"column":26}},"31":{"start":{"line":38,"column":13},"end":{"line":38,"column":null}}},"fnMap":{"0":{"name":"(anonymous_0)","decl":{"start":{"line":6,"column":27},"end":{"line":6,"column":38}},"loc":{"start":{"line":6,"column":41},"end":{"line":6,"column":46}}},"1":{"name":"(anonymous_1)","decl":{"start":{"line":8,"column":27},"end":{"line":8,"column":28}},"loc":{"start":{"line":9,"column":2},"end":{"line":9,"column":30}}},"2":{"name":"(anonymous_2)","decl":{"start":{"line":9,"column":13},"end":{"line":9,"column":14}},"loc":{"start":{"line":9,"column":18},"end":{"line":9,"column":29}}},"3":{"name":"(anonymous_3)","decl":{"start":{"line":11,"column":26},"end":{"line":11,"column":27}},"loc":{"start":{"line":11,"column":90},"end":{"line":20,"column":1}}},"4":{"name":"(anonymous_4)","decl":{"start":{"line":22,"column":26},"end":{"line":22,"column":27}},"loc":{"start":{"line":22,"column":70},"end":{"line":28,"column":1}}},"5":{"name":"(anonymous_5)","decl":{"start":{"line":23,"column":26},"end":{"line":23,"column":27}},"loc":{"start":{"line":23,"column":33},"end":{"line":23,"column":44}}},"6":{"name":"(anonymous_6)","decl":{"start":{"line":30,"column":26},"end":{"line":30,"column":27}},"loc":{"start":{"line":30,"column":41},"end":{"line":35,"column":1}}},"7":{"name":"(anonymous_7)","decl":{"start":{"line":31,"column":32},"end":{"line":31,"column":33}},"loc":{"start":{"line":31,"column":39},"end":{"line":31,"column":50}}}},"branchMap":{"0":{"loc":{"start":{"line":24,"column":2},"end":{"line":24,"column":null}},"type":"if","locations":[{"start":{"line":24,"column":2},"end":{"line":24,"column":null}}]},"1":{"loc":{"start":{"line":32,"column":2},"end":{"line":32,"column":null}},"type":"if","locations":[{"start":{"line":32,"column":2},"end":{"line":32,"column":null}}]}},"s":{"0":2,"1":2,"2":2,"3":1,"4":2,"5":2,"6":0,"7":0,"8":2,"9":2,"10":6,"11":6,"12":6,"13":2,"14":2,"15":2,"16":1,"17":2,"18":1,"19":1,"20":1,"21":1,"22":2,"23":2,"24":3,"25":2,"26":3,"27":1,"28":2,"29":2,"30":2,"31":2},"f":{"0":1,"1":0,"2":0,"3":6,"4":2,"5":1,"6":3,"7":2},"b":{"0":[1],"1":[1]}}
}
