TN:
SF:src\controllers\users.controller.ts
FN:4,(anonymous_9)
FN:9,(anonymous_10)
FN:15,(anonymous_11)
FN:21,(anonymous_12)
FN:28,(anonymous_13)
FNF:5
FNH:2
FNDA:0,(anonymous_9)
FNDA:0,(anonymous_10)
FNDA:1,(anonymous_11)
FNDA:0,(anonymous_12)
FNDA:1,(anonymous_13)
DA:2,1
DA:4,1
DA:5,0
DA:6,0
DA:9,1
DA:10,0
DA:11,0
DA:12,0
DA:15,1
DA:16,1
DA:17,1
DA:18,1
DA:21,1
DA:22,0
DA:23,0
DA:24,0
DA:25,0
DA:28,1
DA:29,1
DA:30,1
DA:31,1
LF:21
LH:12
BRDA:11,0,0,0
BRDA:24,1,0,0
BRDA:30,2,0,0
BRF:3
BRH:0
end_of_record
TN:
SF:src\services\users.service.ts
FN:6,(anonymous_0)
FN:8,(anonymous_1)
FN:9,(anonymous_2)
FN:11,(anonymous_3)
FN:22,(anonymous_4)
FN:23,(anonymous_5)
FN:30,(anonymous_6)
FN:31,(anonymous_7)
FNF:8
FNH:6
FNDA:1,(anonymous_0)
FNDA:0,(anonymous_1)
FNDA:0,(anonymous_2)
FNDA:6,(anonymous_3)
FNDA:2,(anonymous_4)
FNDA:1,(anonymous_5)
FNDA:3,(anonymous_6)
FNDA:2,(anonymous_7)
DA:2,2
DA:4,2
DA:6,2
DA:8,2
DA:9,0
DA:11,2
DA:12,6
DA:18,6
DA:19,6
DA:22,2
DA:23,2
DA:24,2
DA:25,1
DA:26,1
DA:27,1
DA:30,2
DA:31,3
DA:32,3
DA:33,2
DA:34,2
DA:38,2
LF:21
LH:20
BRDA:24,0,0,1
BRDA:32,1,0,1
BRF:2
BRH:2
end_of_record
